<?xml version="1.0" encoding="UTF-8"?>
<!-- Generated by org.testng.reporters.JUnitXMLReporter -->
<testsuite ignored="0" hostname="ITLC3ML593" failures="0" tests="7" name="Default test" time="21.674" errors="0" timestamp="2021-09-06T08:15:58 CAT">
  <testcase classname="tests.MovieTestAPIandUI" name="GIVEN_NavigationToSignIn_AND_InvalidUserNameEntered_AND_clickSignInButtonClicked_THEN_Error" time="5.082"/>
  <testcase classname="tests.MovieTestAPIandUI" name="GIVEN_NavigationToSignIn_AND_OnlypasswordEntered_AND_clickSignInButtonClicked_THEN_Error" time="3.513"/>
  <testcase classname="tests.MovieTestAPIandUI" name="GIVEN_NavigationToSignIn_AND_ValidBUTIcorrectUserNameEntered_AND_clickSignInButtonClicked_THEN_Error" time="3.656"/>
  <testcase classname="tests.MovieTestAPIandUI" name="TestsUsingDataProvider" time="2.723"/>
  <testcase classname="tests.MovieTestAPIandUI" name="TestsUsingDataProvider" time="2.522"/>
  <testcase classname="tests.MovieTestAPIandUI" name="TestsUsingDataProvider" time="2.289"/>
  <testcase classname="tests.MovieTestAPIandUI" name="getRequestReal" time="1.235"/>
</testsuite> <!-- Default test -->
